[debug] [2025-06-10T13:52:34.533Z] ----------------------------------------------------------------------
[debug] [2025-06-10T13:52:34.539Z] Command:       /usr/bin/node /usr/bin/firebase init
[debug] [2025-06-10T13:52:34.540Z] CLI Version:   14.6.0
[debug] [2025-06-10T13:52:34.541Z] Platform:      linux
[debug] [2025-06-10T13:52:34.541Z] Node Version:  v24.0.1
[debug] [2025-06-10T13:52:34.542Z] Time:          Tue Jun 10 2025 19:22:34 GMT+0530 (India Standard Time)
[debug] [2025-06-10T13:52:34.542Z] ----------------------------------------------------------------------
[debug] 
[debug] [2025-06-10T13:52:34.554Z] > command requires scopes: ["email","openid","https://www.googleapis.com/auth/cloudplatformprojects.readonly","https://www.googleapis.com/auth/firebase","https://www.googleapis.com/auth/cloud-platform"]
[debug] [2025-06-10T13:52:34.555Z] > authorizing via signed-in user (sukhit4108@gmail.com)
[info] 
     ######## #### ########  ######## ########     ###     ######  ########
     ##        ##  ##     ## ##       ##     ##  ##   ##  ##       ##
     ######    ##  ########  ######   ########  #########  ######  ######
     ##        ##  ##    ##  ##       ##     ## ##     ##       ## ##
     ##       #### ##     ## ######## ########  ##     ##  ######  ########

You're about to initialize a Firebase project in this directory:

  /home/sukh/Documents/sefinal

[debug] [2025-06-10T13:53:37.675Z] ExitPromptError: User force closed the prompt with SIGINT
    at Interface.sigint (/usr/lib/node_modules/firebase-tools/node_modules/@inquirer/core/dist/commonjs/lib/create-prompt.js:101:37)
    at Interface.emit (node:events:507:28)
    at Interface.emit (node:domain:489:12)
    at [_ttyWrite] [as _ttyWrite] (node:internal/readline/interface:1241:18)
    at ReadStream.onkeypress (node:internal/readline/interface:288:20)
    at ReadStream.emit (node:events:519:35)
    at ReadStream.emit (node:domain:489:12)
    at emitKeys (node:internal/readline/utils:370:14)
    at emitKeys.next (<anonymous>)
    at ReadStream.onData (node:internal/readline/emitKeypressEvents:64:36)
[error] 
[error] Error: An unexpected error has occurred.
